
> nextjs@0.1.0 dev /Users/anishpersonal/contentq-lp-v1
> next dev -- -p 5050

  ▲ Next.js 13.5.1
  - Local:        http://localhost:5050

 ✓ Ready in 2.5s
 ○ compiling /page ...
 ✓ Compiled /page in 3.2s (1403 modules)
 ✓ Compiled in 379ms (708 modules)
 ✓ Compiled in 447ms (708 modules)
 ✓ Compiled in 336ms (708 modules)
 ✓ Compiled in 309ms (708 modules)
 ✓ Compiled in 1109ms (1390 modules)
 ✓ Compiled in 674ms (1390 modules)
 ✓ Compiled in 478ms (1390 modules)
 ✓ Compiled in 556ms (1390 modules)
 ✓ Compiled in 387ms (1390 modules)
 ✓ Compiled in 1248ms (1390 modules)
 ✓ Compiled in 634ms (1392 modules)
 ✓ Compiled in 502ms (1392 modules)
 ✓ Compiled in 486ms (1392 modules)
 ✓ Compiled in 506ms (1392 modules)
 ✓ Compiled in 483ms (1392 modules)
 ✓ Compiled in 591ms (1392 modules)
 ✓ Compiled in 498ms (1392 modules)
 ✓ Compiled in 602ms (1392 modules)
 X ./components/LayoutWrapper.tsx
Error: 
  [31mx[0m Expression expected
    ,-[[36;1;4m/Users/anishpersonal/contentq-lp-v1/components/LayoutWrapper.tsx[0m:64:1]
 [2m64[0m |   }, [isMounted]);
 [2m65[0m | 
 [2m66[0m |   return (
 [2m67[0m |     <>
    : [31;1m     ^[0m
 [2m68[0m |       <motion.div className="scroll-progress" style={{ scaleX }} />
 [2m69[0m | 
 [2m70[0m |       <div className="fixed top-0 left-0 right-0 z-40 pointer-events-none">
    `----

  [31mx[0m Expected ',', got 'className'
    ,-[[36;1;4m/Users/anishpersonal/contentq-lp-v1/components/LayoutWrapper.tsx[0m:67:1]
 [2m67[0m |     <>
 [2m68[0m |       <motion.div className="scroll-progress" style={{ scaleX }} />
 [2m69[0m | 
 [2m70[0m |       <div className="fixed top-0 left-0 right-0 z-40 pointer-events-none">
    : [31;1m           ^^^^^^^^^[0m
 [2m71[0m |         <div id=\"app-header\" className=\"mx-auto max-w-7xl pl-2 sm:pl-4 lg:pl-6 pr-4 sm:pr-6 lg:pr-8 pointer-events-auto transition-all duration-300 rounded-b-xl bg-transparent backdrop-blur-0 data-[scrolled]:bg-black/25 data-[scrolled]:backdrop-blur-[6px] data-[scrolled]:shadow-[inset_0_1px_0_rgba(255,255,255,0.06),inset_0_-1px_0_rgba(255,255,255,0.03)]\">
 [2m72[0m |           <div className="flex items-center justify-between py-3.5">
 [2m73[0m |             <a href="#" className="inline-flex items-center gap-3 group">
    `----

Caused by:
    Syntax Error

Import trace for requested module:
./components/LayoutWrapper.tsx
./app/layout.tsx
 X ./components/LayoutWrapper.tsx
Error: 
  [31mx[0m Expression expected
    ,-[[36;1;4m/Users/anishpersonal/contentq-lp-v1/components/LayoutWrapper.tsx[0m:64:1]
 [2m64[0m |   }, [isMounted]);
 [2m65[0m | 
 [2m66[0m |   return (
 [2m67[0m |     <>
    : [31;1m     ^[0m
 [2m68[0m |       <motion.div className="scroll-progress" style={{ scaleX }} />
 [2m69[0m | 
 [2m70[0m |       <div className="fixed top-0 left-0 right-0 z-40 pointer-events-none">
    `----

  [31mx[0m Expected ',', got 'className'
    ,-[[36;1;4m/Users/anishpersonal/contentq-lp-v1/components/LayoutWrapper.tsx[0m:67:1]
 [2m67[0m |     <>
 [2m68[0m |       <motion.div className="scroll-progress" style={{ scaleX }} />
 [2m69[0m | 
 [2m70[0m |       <div className="fixed top-0 left-0 right-0 z-40 pointer-events-none">
    : [31;1m           ^^^^^^^^^[0m
 [2m71[0m |         <div id=\"app-header\" className=\"mx-auto max-w-7xl pl-2 sm:pl-4 lg:pl-6 pr-4 sm:pr-6 lg:pr-8 pointer-events-auto transition-all duration-300 rounded-b-xl bg-transparent backdrop-blur-0 data-[scrolled]:bg-black/25 data-[scrolled]:backdrop-blur-[6px] data-[scrolled]:shadow-[inset_0_1px_0_rgba(255,255,255,0.06),inset_0_-1px_0_rgba(255,255,255,0.03)]\">
 [2m72[0m |           <div className="flex items-center justify-between py-3.5">
 [2m73[0m |             <a href="#" className="inline-flex items-center gap-3 group">
    `----

Caused by:
    Syntax Error

Import trace for requested module:
./components/LayoutWrapper.tsx
./app/layout.tsx
 ○ compiling /_error ...
 X ./components/LayoutWrapper.tsx
Error: 
  [31mx[0m Expression expected
    ,-[[36;1;4m/Users/anishpersonal/contentq-lp-v1/components/LayoutWrapper.tsx[0m:64:1]
 [2m64[0m |   }, [isMounted]);
 [2m65[0m | 
 [2m66[0m |   return (
 [2m67[0m |     <>
    : [31;1m     ^[0m
 [2m68[0m |       <motion.div className="scroll-progress" style={{ scaleX }} />
 [2m69[0m | 
 [2m70[0m |       <div className="fixed top-0 left-0 right-0 z-40 pointer-events-none">
    `----

  [31mx[0m Expected ',', got 'className'
    ,-[[36;1;4m/Users/anishpersonal/contentq-lp-v1/components/LayoutWrapper.tsx[0m:67:1]
 [2m67[0m |     <>
 [2m68[0m |       <motion.div className="scroll-progress" style={{ scaleX }} />
 [2m69[0m | 
 [2m70[0m |       <div className="fixed top-0 left-0 right-0 z-40 pointer-events-none">
    : [31;1m           ^^^^^^^^^[0m
 [2m71[0m |         <div id=\"app-header\" className=\"container mx-auto px-4 md:px-6 lg:px-8 pointer-events-auto transition-all duration-300 rounded-b-xl bg-transparent backdrop-blur-0 data-[scrolled]:bg-black/25 data-[scrolled]:backdrop-blur-[6px] data-[scrolled]:shadow-[inset_0_1px_0_rgba(255,255,255,0.06),inset_0_-1px_0_rgba(255,255,255,0.03)]\">
 [2m72[0m |           <div className="flex items-center justify-between py-3.5">
 [2m73[0m |             <a href="#" className="inline-flex items-center gap-3 group">
    `----

Caused by:
    Syntax Error

Import trace for requested module:
./components/LayoutWrapper.tsx
./app/layout.tsx
 ⚠ Fast Refresh had to perform a full reload due to a runtime error.
 ⚠ Fast Refresh had to perform a full reload. Read more: https://nextjs.org/docs/messages/fast-refresh-reload
 ⚠ Fast Refresh had to perform a full reload. Read more: https://nextjs.org/docs/messages/fast-refresh-reload
 ✓ Compiled /not-found in 588ms (1538 modules)
 ⚠ Fast Refresh had to perform a full reload. Read more: https://nextjs.org/docs/messages/fast-refresh-reload
 ⚠ Fast Refresh had to perform a full reload due to a runtime error.
 ⚠ Fast Refresh had to perform a full reload. Read more: https://nextjs.org/docs/messages/fast-refresh-reload
 ✓ Compiled in 684ms (1547 modules)
 ✓ Compiled in 853ms (1547 modules)
 ✓ Compiled in 699ms (1547 modules)
 X ./components/ui/galaxy-interactive-hero-section.tsx
Error: 
  [31mx[0m the name `Button` is defined multiple times
   ,-[[36;1;4m/Users/anishpersonal/contentq-lp-v1/components/ui/galaxy-interactive-hero-section.tsx[0m:2:1]
 [2m2[0m | 
 [2m3[0m | import React, { useEffect, useRef, useState } from 'react';
 [2m4[0m | import { motion, useMotionValue, useSpring } from 'framer-motion';
 [2m5[0m | import Button from '@/components/Button';
   : [31;1m       ^^^|^^[0m
   :           [31;1m`-- [31;1mprevious definition of `Button` here[0m[0m
 [2m6[0m | import Button from '@/components/Button';
   : [33;1m       ^^^|^^[0m
   :           [33;1m`-- [33;1m`Button` redefined here[0m[0m
 [2m7[0m | import { TrustedByStrip } from '@/components/ui/trusted-by-strip';
 [2m8[0m | 
 [2m9[0m | declare global {
   `----

Import trace for requested module:
./components/ui/galaxy-interactive-hero-section.tsx
./app/page.tsx
 ✓ Compiled /not-found in 662ms (1538 modules)
 ⚠ Fast Refresh had to perform a full reload due to a runtime error.
 ✓ Compiled in 482ms (1552 modules)
 ✓ Compiled in 887ms (1552 modules)
 ✓ Compiled in 666ms (1552 modules)
 ✓ Compiled in 937ms (1552 modules)
 ✓ Compiled in 524ms (1547 modules)
 ✓ Compiled in 674ms (1547 modules)
 ✓ Compiled in 520ms (1547 modules)
 ✓ Compiled in 791ms (1547 modules)
 ✓ Compiled in 509ms (1547 modules)
 ✓ Compiled in 536ms (1547 modules)
 ✓ Compiled in 353ms (1547 modules)
 ✓ Compiled in 588ms (1533 modules)
 ✓ Compiled in 596ms (1533 modules)
 ✓ Compiled in 548ms (1533 modules)
 ✓ Compiled in 562ms (1533 modules)
 ✓ Compiled in 612ms (1533 modules)
 ✓ Compiled in 622ms (1533 modules)
 ✓ Compiled in 517ms (1533 modules)
 ✓ Compiled in 547ms (1533 modules)
 ✓ Compiled in 891ms (1533 modules)
 ✓ Compiled in 489ms (1533 modules)
 ✓ Compiled in 494ms (1521 modules)
 ✓ Compiled in 855ms (1521 modules)
 ✓ Compiled in 734ms (1521 modules)
 ✓ Compiled in 716ms (1521 modules)
 ✓ Compiled in 453ms (1521 modules)
 ✓ Compiled in 572ms (1521 modules)
 ✓ Compiled in 345ms (1521 modules)
 ✓ Compiled in 466ms (1521 modules)
 ✓ Compiled in 345ms (1521 modules)
 ✓ Compiled in 377ms (1521 modules)
 ✓ Compiled in 520ms (1521 modules)
 ✓ Compiled in 656ms (1521 modules)
 ✓ Compiled in 437ms (1521 modules)
 ✓ Compiled in 494ms (1521 modules)
 ✓ Compiled in 737ms (1527 modules)
 ✓ Compiled in 554ms (1525 modules)
 ✓ Compiled in 582ms (1523 modules)
 ✓ Compiled in 555ms (1523 modules)
 ✓ Compiled in 619ms (1527 modules)
 ✓ Compiled in 585ms (1525 modules)
 ✓ Compiled in 660ms (1525 modules)
 ✓ Compiled in 621ms (1525 modules)
 ✓ Compiled in 416ms (1525 modules)
 ✓ Compiled in 532ms (1523 modules)
 ✓ Compiled in 589ms (1523 modules)
 ✓ Compiled in 557ms (1523 modules)
 ✓ Compiled in 585ms (1523 modules)
 ✓ Compiled in 762ms (1523 modules)
 ✓ Compiled in 553ms (1523 modules)
 ✓ Compiled in 634ms (1523 modules)
 ✓ Compiled in 794ms (1523 modules)
 ✓ Compiled in 602ms (1523 modules)
 ✓ Compiled in 582ms (1523 modules)
 ✓ Compiled in 1024ms (1523 modules)
 ✓ Compiled in 584ms (1523 modules)
 ✓ Compiled in 608ms (1529 modules)
 ✓ Compiled in 672ms (1527 modules)
 ✓ Compiled /not-found in 338ms (1518 modules)
 X Internal error: TypeError [ERR_INVALID_STATE]: Invalid state: ReadableStream is already closed
    at ReadableByteStreamController.enqueue (node:internal/webstreams/readablestream:1176:13)
    at /Users/anishpersonal/contentq-lp-v1/node_modules/.pnpm/next@13.5.1_react-dom@18.2.0_react@18.2.0__react@18.2.0/node_modules/next/dist/compiled/next-server/app-page.runtime.dev.js:1:447268
    at ut (/Users/anishpersonal/contentq-lp-v1/node_modules/.pnpm/next@13.5.1_react-dom@18.2.0_react@18.2.0__react@18.2.0/node_modules/next/dist/compiled/next-server/app-page.runtime.dev.js:1:447318)
    at ct (/Users/anishpersonal/contentq-lp-v1/node_modules/.pnpm/next@13.5.1_react-dom@18.2.0_react@18.2.0__react@18.2.0/node_modules/next/dist/compiled/next-server/app-page.runtime.dev.js:1:446596)
    at Timeout._onTimeout (/Users/anishpersonal/contentq-lp-v1/node_modules/.pnpm/next@13.5.1_react-dom@18.2.0_react@18.2.0__react@18.2.0/node_modules/next/dist/compiled/next-server/app-page.runtime.dev.js:1:443766)
    at listOnTimeout (node:internal/timers:581:17)
    at process.processTimers (node:internal/timers:519:7)
 X Internal error: TypeError [ERR_INVALID_STATE]: Invalid state: ReadableStream is already closed
    at ReadableByteStreamController.enqueue (node:internal/webstreams/readablestream:1176:13)
    at /Users/anishpersonal/contentq-lp-v1/node_modules/.pnpm/next@13.5.1_react-dom@18.2.0_react@18.2.0__react@18.2.0/node_modules/next/dist/compiled/next-server/app-page.runtime.dev.js:1:447268
    at ut (/Users/anishpersonal/contentq-lp-v1/node_modules/.pnpm/next@13.5.1_react-dom@18.2.0_react@18.2.0__react@18.2.0/node_modules/next/dist/compiled/next-server/app-page.runtime.dev.js:1:447318)
    at ct (/Users/anishpersonal/contentq-lp-v1/node_modules/.pnpm/next@13.5.1_react-dom@18.2.0_react@18.2.0__react@18.2.0/node_modules/next/dist/compiled/next-server/app-page.runtime.dev.js:1:446596)
    at Timeout._onTimeout (/Users/anishpersonal/contentq-lp-v1/node_modules/.pnpm/next@13.5.1_react-dom@18.2.0_react@18.2.0__react@18.2.0/node_modules/next/dist/compiled/next-server/app-page.runtime.dev.js:1:443766)
    at listOnTimeout (node:internal/timers:581:17)
    at process.processTimers (node:internal/timers:519:7)
 ✓ Compiled in 645ms (1524 modules)
 ✓ Compiled in 592ms (1519 modules)
 ✓ Compiled in 589ms (1519 modules)
 ✓ Compiled in 557ms (1519 modules)
 ✓ Compiled in 612ms (1519 modules)
 ✓ Compiled in 598ms (1519 modules)
 ✓ Compiled in 548ms (1519 modules)
 ✓ Compiled in 366ms (1519 modules)
 ✓ Compiled in 1268ms (1519 modules)
 ✓ Compiled in 568ms (1519 modules)
 ✓ Compiled in 538ms (1519 modules)
 ✓ Compiled in 583ms (1519 modules)
 ✓ Compiled /not-found in 383ms (1510 modules)
 ✓ Compiled in 857ms (1519 modules)
 ✓ Compiled /not-found in 713ms (1510 modules)
 ✓ Compiled /pricing/page in 202ms (1514 modules)
 X Error: The default export is not a React Component in page: "/pricing"
    at async Promise.all (index 0)
    at async Promise.all (index 0)
 X Error: The default export is not a React Component in page: "/pricing"
    at async Promise.all (index 0)
    at async Promise.all (index 0)
digest: "1626457742"
 X Error: The default export is not a React Component in page: "/pricing"
    at async Promise.all (index 0)
    at async Promise.all (index 0)
 ✓ Compiled in 728ms (1534 modules)
 ✓ Compiled in 805ms (1537 modules)
 ✓ Compiled in 667ms (1535 modules)
 ✓ Compiled in 641ms (1535 modules)
 ✓ Compiled in 784ms (1535 modules)
 ✓ Compiled in 593ms (1535 modules)
 ✓ Compiled in 685ms (1535 modules)
 ✓ Compiled in 579ms (1535 modules)
 ✓ Compiled in 672ms (1535 modules)
 ✓ Compiled /not-found in 348ms (1526 modules)
 ✓ Compiled in 696ms (1540 modules)
 ✓ Compiled in 880ms (1540 modules)
 ✓ Compiled in 721ms (1535 modules)
 ✓ Compiled in 1363ms (1535 modules)
 ✓ Compiled in 616ms (1535 modules)
 ✓ Compiled in 642ms (1537 modules)
 ✓ Compiled /not-found in 677ms (1528 modules)
 ✓ Compiled in 788ms (1537 modules)
 ✓ Compiled in 783ms (1537 modules)
 ✓ Compiled in 610ms (1537 modules)
 ✓ Compiled /not-found in 249ms (1528 modules)
 ✓ Compiled in 886ms (1537 modules)
 ✓ Compiled in 318ms (823 modules)
 ✓ Compiled in 299ms (823 modules)
 ✓ Compiled in 602ms (1539 modules)
 ✓ Compiled in 625ms (1539 modules)
 ✓ Compiled in 809ms (1539 modules)
 ✓ Compiled in 401ms (1539 modules)
 ✓ Compiled in 434ms (1539 modules)
 ✓ Compiled in 1026ms (1539 modules)
 ✓ Compiled in 668ms (1539 modules)
 ✓ Compiled in 521ms (1537 modules)
 ✓ Compiled in 613ms (1537 modules)
 ✓ Compiled in 520ms (1537 modules)
 ✓ Compiled in 533ms (1537 modules)
 ✓ Compiled in 492ms (1537 modules)
 ✓ Compiled in 543ms (1537 modules)
 ✓ Compiled in 515ms (823 modules)
 ✓ Compiled in 311ms (823 modules)
 ✓ Compiled in 467ms (1535 modules)
 ✓ Compiled in 370ms (1535 modules)
 ✓ Compiled in 517ms (1535 modules)
 ✓ Compiled in 482ms (1535 modules)
 ✓ Compiled in 643ms (1537 modules)
 ✓ Compiled in 693ms (1535 modules)
 ✓ Compiled in 820ms (1535 modules)
 ✓ Compiled in 687ms (1535 modules)
 ✓ Compiled in 645ms (1535 modules)
 ✓ Compiled in 538ms (1535 modules)
 ✓ Compiled in 466ms (1535 modules)
 ✓ Compiled in 545ms (1535 modules)
 ✓ Compiled in 505ms (1535 modules)
 ✓ Compiled in 715ms (1535 modules)
 ✓ Compiled in 879ms (1535 modules)
 ✓ Compiled in 621ms (1535 modules)
 ✓ Compiled in 613ms (1535 modules)
 ✓ Compiled in 753ms (1535 modules)
